<?xml version="1.0" encoding="UTF-8" standalone="no"?>
<testsuite failures="0" name="cucumber.runtime.formatter.JUnitFormatter" skipped="0" tests="1" time="5.844022">
<testcase classname="Login feature" name="Orange HRMS login steps" time="5.844022">
<system-out><![CDATA[Given user is already on Login Page.........................................passed
When title of login page is OrangeHRM.......................................passed
Then user enters username and password......................................passed
]]></system-out>
</testcase>
</testsuite>
